<?xml version="1.0" encoding="UTF-8"?>
<testng-results ignored="0" total="1" passed="1" failed="0" skipped="0">
  <reporter-output>
  </reporter-output>
  <suite started-at="2023-01-09T23:41:23 IST" name="Default suite" finished-at="2023-01-09T23:41:45 IST" duration-ms="22574">
    <groups>
    </groups>
    <test started-at="2023-01-09T23:41:23 IST" name="Default test" finished-at="2023-01-09T23:41:45 IST" duration-ms="22574">
      <class name="sql.testScript.dropdownhandleTest">
        <test-method is-config="true" signature="launchbrowser()[pri:0, instance:sql.testScript.dropdownhandleTest@6069db50]" started-at="2023-01-09T23:41:23 IST" name="launchbrowser" finished-at="2023-01-09T23:41:28 IST" duration-ms="5575" status="PASS">
          <reporter-output>
          </reporter-output>
        </test-method> <!-- launchbrowser -->
        <test-method is-config="true" signature="login()[pri:0, instance:sql.testScript.dropdownhandleTest@6069db50]" started-at="2023-01-09T23:41:28 IST" name="login" finished-at="2023-01-09T23:41:38 IST" duration-ms="9161" status="PASS">
          <reporter-output>
          </reporter-output>
        </test-method> <!-- login -->
        <test-method signature="handledropdown()[pri:0, instance:sql.testScript.dropdownhandleTest@6069db50]" started-at="2023-01-09T23:41:38 IST" name="handledropdown" finished-at="2023-01-09T23:41:45 IST" duration-ms="7535" status="PASS">
          <reporter-output>
          </reporter-output>
        </test-method> <!-- handledropdown -->
        <test-method is-config="true" signature="logout()[pri:0, instance:sql.testScript.dropdownhandleTest@6069db50]" started-at="2023-01-09T23:41:45 IST" name="logout" finished-at="2023-01-09T23:41:45 IST" duration-ms="105" status="PASS">
          <reporter-output>
          </reporter-output>
        </test-method> <!-- logout -->
        <test-method is-config="true" signature="closebrowser()[pri:0, instance:sql.testScript.dropdownhandleTest@6069db50]" started-at="2023-01-09T23:41:45 IST" name="closebrowser" finished-at="2023-01-09T23:41:45 IST" duration-ms="146" status="PASS">
          <reporter-output>
          </reporter-output>
        </test-method> <!-- closebrowser -->
      </class> <!-- sql.testScript.dropdownhandleTest -->
    </test> <!-- Default test -->
  </suite> <!-- Default suite -->
</testng-results>
